commit a6a02f02f75cb122ba5fdc4af90726d71d877572
Author: vohl <acvohl@gmail.com>
Date:   Fri Apr 8 21:02:17 2016 -0500

    Please make this work I beg you god of Whales. :(

commit 3df943128db9a917d68f648917e3453b4ed12895
Author: Shubham Thakkar <shubhamt@utexas.edu>
Date:   Fri Apr 8 18:24:08 2016 -0500

    Fixed minor sorting bug

commit f6de9555989090e2da876d0080d95723a8aa3c89
Merge: a04238d f8159c2
Author: schun <s.chun@utexas.edu>
Date:   Fri Apr 8 18:18:00 2016 -0500

    Merge branch 'master' of https://github.com/SThakkar14/cs373-idb

commit a04238ddc53b19bfe0c2bf68c4734800ee8abc79
Author: schun <s.chun@utexas.edu>
Date:   Fri Apr 8 18:17:23 2016 -0500

    Added test files to outer file path

commit f8159c2d3eefa7f5f2bf0befd8c5b194d38a3870
Merge: 512b654 f189192
Author: Andrew Dang-Tran <andrewdt1506@gmail.com>
Date:   Fri Apr 8 17:57:41 2016 -0500

    Merge branch 'master' of https://github.com/SThakkar14/cs373-idb

commit 512b6549dd8b90ed016eab9ae40b4e2839bf40d0
Author: Andrew Dang-Tran <andrewdt1506@gmail.com>
Date:   Fri Apr 8 17:57:23 2016 -0500

    REMOVED QUOTE AGAIN

commit 7388a1709e4041811b73360eceb42f8ee3378865
Merge: ef813c9 edb1716
Author: Andrew Dang-Tran <andrewdt1506@gmail.com>
Date:   Fri Apr 8 17:55:22 2016 -0500

    Merge branch 'react' of https://github.com/SThakkar14/cs373-idb into react

commit edb171675cd3402cce75e97559c8b8e182f8c018
Author: rfaulk <bobfaulk@live.com>
Date:   Fri Apr 8 17:54:10 2016 -0500

    fixed move type links

commit 8d50f4fac57997c06ee8d395ed3c7b050fe3997e
Merge: a5c8e1a f189192
Author: rfaulk <bobfaulk@live.com>
Date:   Fri Apr 8 17:52:17 2016 -0500

    Merge branch 'master' into react

commit f1891925b08b1a2b71f6fad47b980d0d5c483333
Author: Shubham Thakkar <shubhamt@utexas.edu>
Date:   Fri Apr 8 17:51:46 2016 -0500

    Minor link changes

commit ef813c9095961db92608913d108f58b860e7354f
Merge: 7322346 a5c8e1a
Author: Andrew Dang-Tran <andrewdt1506@gmail.com>
Date:   Fri Apr 8 17:46:27 2016 -0500

    Merge branch 'react' of https://github.com/SThakkar14/cs373-idb into react

commit a5c8e1a499b4c1b9485888ab19235b6ae73e252e
Merge: edd3541 248ee10
Author: rfaulk <bobfaulk@live.com>
Date:   Fri Apr 8 17:45:50 2016 -0500

    Merge branch 'master' into react

commit 73223466ef91e7e4cb22c86ce078befbd874fbc5
Merge: 822abc7 edd3541
Author: Andrew Dang-Tran <andrewdt1506@gmail.com>
Date:   Fri Apr 8 17:43:48 2016 -0500

    Merge branch 'react' of https://github.com/SThakkar14/cs373-idb into react

commit edd3541c1f43357c99f43dba7d8d5f239358d848
Author: rfaulk <bobfaulk@live.com>
Date:   Fri Apr 8 17:43:34 2016 -0500

    added link to type sprite

commit e3bc7c30203362714acc6c627cbc904910a3c0b1
Author: rfaulk <bobfaulk@live.com>
Date:   Fri Apr 8 17:41:31 2016 -0500

    fixed linking on moves table

commit 822abc7bf15e7481f07682c2eb4dc0cbe2a6d34a
Merge: 7e32106 77f822c
Author: Andrew Dang-Tran <andrewdt1506@gmail.com>
Date:   Fri Apr 8 17:38:30 2016 -0500

    Merge branch 'react' of https://github.com/SThakkar14/cs373-idb into react

commit 7e321060ff7692d0e2d4b7f66c1f208fe850308d
Author: Andrew Dang-Tran <andrewdt1506@gmail.com>
Date:   Fri Apr 8 17:38:26 2016 -0500

    removed quotes in poke-table

commit 77f822c7cd954e949057a4de2a5238c93e3a6e8e
Author: rfaulk <bobfaulk@live.com>
Date:   Fri Apr 8 17:33:29 2016 -0500

    fixed types values

commit c6daa33dad12154dab163a6b4cebb3250924940b
Author: rfaulk <bobfaulk@live.com>
Date:   Fri Apr 8 17:14:50 2016 -0500

    added spinner for loading data

commit 13e2dcfa69a70e910cc3ef92b161c701a93b965b
Author: Andrew Dang-Tran <andrewdt1506@gmail.com>
Date:   Fri Apr 8 17:01:21 2016 -0500

    Changed # of unit tests on about page

commit 84c9267ce70298eccb2822219b9660ffb769c932
Merge: 248ee10 cdf2a78
Author: Andrew Dang-Tran <andrewdt1506@gmail.com>
Date:   Fri Apr 8 16:57:03 2016 -0500

    Merge branch 'react'

commit cdf2a78ac85a18567266ac5bc67f2ee9a97835d0
Merge: 111b80e 56c05bb
Author: Andrew Dang-Tran <andrewdt1506@gmail.com>
Date:   Fri Apr 8 16:55:47 2016 -0500

    Merge branch 'react' of https://github.com/SThakkar14/cs373-idb into react

commit 56c05bbfd97fd91bc4446c6a9f3fd69f1f1df75b
Author: rfaulk <bobfaulk@live.com>
Date:   Fri Apr 8 16:52:11 2016 -0500

    fixed move nav element

commit 248ee10cf8bd4827f9d78cf0c7c1bc53a23aeb31
Merge: 1a3fe15 46a8592
Author: rfaulk <bobfaulk@live.com>
Date:   Fri Apr 8 16:47:10 2016 -0500

    Merge branch 'react'

commit 46a8592b5d1da8de39f5ffb0144aefd17efedac0
Author: rfaulk <bobfaulk@live.com>
Date:   Fri Apr 8 16:46:04 2016 -0500

    added pagination hide before load

commit a8d3f61bc74daa422b9d79a709778f9d550e535f
Author: rfaulk <bobfaulk@live.com>
Date:   Fri Apr 8 16:08:28 2016 -0500

    changed pagination widths

commit 1a3fe1524fc9ce1353e2a8a084b67dfdd6fa80d9
Author: Shubham Thakkar <shubhamt@utexas.edu>
Date:   Fri Apr 8 02:07:09 2016 -0500

    Fixed pokemon images and scraper

commit 754ce8724974f87f51b827878dcf301c928c5784
Author: schun <s.chun@utexas.edu>
Date:   Thu Apr 7 22:20:50 2016 -0500

    Removed excess types

commit ab428c0ab16dbf23632e28488636aed316f4c681
Author: schun <s.chun@utexas.edu>
Date:   Thu Apr 7 21:55:38 2016 -0500

    Removed added stuff

commit b15d9422bd6c4fe838bd31520c9141a0ef24f117
Author: schun <s.chun@utexas.edu>
Date:   Thu Apr 7 21:52:26 2016 -0500

    Removed random stuff

commit 54fa419eafead868c7544e63f957743f0bfbac07
Author: rfaulk <bobfaulk@live.com>
Date:   Thu Apr 7 21:48:07 2016 -0500

    fixed extra column on types

commit c1f915760f48d66475afb55a9331646e5439c13c
Author: rfaulk <bobfaulk@live.com>
Date:   Thu Apr 7 21:45:20 2016 -0500

    fixed type numberng

commit 111b80e48ffc3fa7b3a03464440f1a3f93c6a2e3
Merge: 56703c1 86d4a8f
Author: Andrew Dang-Tran <andrewdt1506@gmail.com>
Date:   Thu Apr 7 21:43:15 2016 -0500

    Merge branch 'react' of https://github.com/SThakkar14/cs373-idb into react

commit 56703c149f9eaeb91808ffa234cebf8365ca4c4c
Author: Andrew Dang-Tran <andrewdt1506@gmail.com>
Date:   Thu Apr 7 21:43:08 2016 -0500

    changed commits

commit 86d4a8f75c0607e953698709c6c13da1017356fe
Author: rfaulk <bobfaulk@live.com>
Date:   Thu Apr 7 21:41:53 2016 -0500

    switched to min apis

commit b24bf2982430282432d73cfd8cd6472e996ffa31
Merge: 0375f20 de38f10
Author: schun <s.chun@utexas.edu>
Date:   Thu Apr 7 21:42:00 2016 -0500

    Merge branch 'react' of https://github.com/SThakkar14/cs373-idb into react

commit 0375f20f1a0576632bff6f47c83c0748912c415f
Author: schun <s.chun@utexas.edu>
Date:   Thu Apr 7 21:41:53 2016 -0500

    Added min_type

commit c9d0894fbf1cc41dd7e57e75d699e008d9945683
Author: schun <s.chun@utexas.edu>
Date:   Thu Apr 7 21:38:22 2016 -0500

    Added min moves api endpoint

commit de38f109890cf654cfa7b7a68cbb2c79b0c9fce2
Merge: 7986e16 c9d0894
Author: rfaulk <bobfaulk@live.com>
Date:   Thu Apr 7 21:37:47 2016 -0500

    Merge branch 'react' of github.com:SThakkar14/cs373-idb into react

commit 7986e167de7f406e50909a4e812bbcca621ebfc9
Merge: 717ccd0 a03fe3c
Author: rfaulk <bobfaulk@live.com>
Date:   Thu Apr 7 21:37:08 2016 -0500

    Merge branch 'react' of github.com:SThakkar14/cs373-idb into react

commit 717ccd09bc3795b330eed402a24d36d2094cc7b7
Author: rfaulk <bobfaulk@live.com>
Date:   Thu Apr 7 21:37:03 2016 -0500

    added moves and types indices

commit a03fe3c3120dbba291898b3249adbc3809796ae9
Merge: 6fe939e c60699c
Author: schun <s.chun@utexas.edu>
Date:   Thu Apr 7 21:35:14 2016 -0500

    Merge branch 'react' of https://github.com/SThakkar14/cs373-idb into react

commit 6fe939e9d95bab481886745e67a2c7901cbbb56d
Author: schun <s.chun@utexas.edu>
Date:   Thu Apr 7 21:35:07 2016 -0500

    Added more server stuff

commit 42315ebc9c22077fdf460c710daa47c1014d19b2
Author: schun <s.chun@utexas.edu>
Date:   Thu Apr 7 21:34:36 2016 -0500

    Finished testing stuff and added api stuff

commit c60699c47ae65f20771752f7067a0401dcc20341
Author: Andrew Dang-Tran <andrewdt1506@gmail.com>
Date:   Thu Apr 7 21:31:45 2016 -0500

    added the button for run tests

commit ba6e9ceccc019392749b33f700b15ccd05b523c0
Merge: 567de83 3fe0589
Author: Andrew Dang-Tran <andrewdt1506@gmail.com>
Date:   Thu Apr 7 21:21:22 2016 -0500

    Merge branch 'react' of https://github.com/SThakkar14/cs373-idb into react

commit 567de8364f21bc122e112a3ac1c67183651cced8
Merge: 0c7ab04 ebcf14b
Author: Andrew Dang-Tran <andrewdt1506@gmail.com>
Date:   Thu Apr 7 21:21:17 2016 -0500

    fixed merge conflicts

commit 3fe0589a3f611b1e472b107efd1be39bb78e297e
Merge: d59e112 ebcf14b
Author: Shubham Thakkar <shubhamt@utexas.edu>
Date:   Thu Apr 7 21:17:59 2016 -0500

    Merge branch 'react' of https://github.com/SThakkar14/cs373-idb into react

commit d59e11206f2e265790023cc0740e77601e193dfe
Author: Shubham Thakkar <shubhamt@utexas.edu>
Date:   Thu Apr 7 21:17:41 2016 -0500

    Changed DB

commit 0c7ab04bfe8cf95ad26c3b7b682a090dea93fd1f
Author: Andrew Dang-Tran <andrewdt1506@gmail.com>
Date:   Thu Apr 7 21:17:03 2016 -0500

    Added the button on the about page and the js which should call request the endpoint which will run the tests.

commit ebcf14bd2364f4204f4848ae008f7153698250df
Merge: 153c233 d8efa8b
Author: rfaulk <bobfaulk@live.com>
Date:   Thu Apr 7 21:06:07 2016 -0500

    Merge branch 'react' of github.com:SThakkar14/cs373-idb into react

commit 153c2336b649ed45cf7cc454d35efcb612537e9b
Author: rfaulk <bobfaulk@live.com>
Date:   Thu Apr 7 21:05:58 2016 -0500

    added moves index

commit d8efa8beb52a1fc50c15cd8252e5f423c8a34747
Author: schun <s.chun@utexas.edu>
Date:   Thu Apr 7 20:45:59 2016 -0500

    fixed unit tests

commit 6e6b910e77098c157231e4ca64d16e0f448245d1
Merge: 40a2847 cc17bf9
Author: schun <s.chun@utexas.edu>
Date:   Thu Apr 7 20:43:59 2016 -0500

    Merge branch 'react' of https://github.com/SThakkar14/cs373-idb into react

commit 40a284775319b110b91988545a48d3a6c7e9d1d2
Author: schun <s.chun@utexas.edu>
Date:   Thu Apr 7 20:43:48 2016 -0500

    Added unit tests

commit cc17bf9046a27963871f2f9c503578f06b1eb7a6
Author: rfaulk <bobfaulk@live.com>
Date:   Thu Apr 7 20:30:23 2016 -0500

    finished pagination for pokemon index

commit 90198175da2de9c80e3a699f9d632793ace672d9
Author: rfaulk <bobfaulk@live.com>
Date:   Thu Apr 7 20:30:15 2016 -0500

    added data

commit 12bf6bdf48a619b804c06c41720808748efd6fc2
Author: rfaulk <bobfaulk@live.com>
Date:   Thu Apr 7 20:29:32 2016 -0500

    added pikachu cosplay

commit df06e6721e6117a6a38624e286d2efc00b5503f0
Author: Andrew Dang-Tran <andrewdt1506@gmail.com>
Date:   Thu Apr 7 18:57:47 2016 -0500

    Revert "Fixed images"
    
    This reverts commit 689b1e6101b57b576232c0101b367ab4521970a8.

commit f9c9ff787d33a1dddb33b495b769525bb0796bdd
Author: Andrew Dang-Tran <andrewdt1506@gmail.com>
Date:   Thu Apr 7 18:06:46 2016 -0500

    added images of some of the cosplay pikachu and unbound hoopa

commit 689b1e6101b57b576232c0101b367ab4521970a8
Author: Shubham Thakkar <shubhamt@utexas.edu>
Date:   Thu Apr 7 17:48:48 2016 -0500

    Fixed images

commit e820bf146f7933a25217b824e9dddb30026d3d9f
Author: schun <s.chun@utexas.edu>
Date:   Thu Apr 7 17:30:11 2016 -0500

    Added mega-swampart

commit fd82eef31adb53daa40f5db0bc57081352f3571f
Merge: eb11d68 bc969e7
Author: schun <s.chun@utexas.edu>
Date:   Thu Apr 7 17:23:34 2016 -0500

    Merge branch 'react' of https://github.com/SThakkar14/cs373-idb into react

commit eb11d68d5c97ab7e633fe2d64f144d80ec4f98b7
Author: schun <s.chun@utexas.edu>
Date:   Thu Apr 7 17:23:27 2016 -0500

    Added mapping script for images

commit bc969e7ca970483dea5b536140ec0e445ae4005c
Author: rfaulk <bobfaulk@live.com>
Date:   Thu Apr 7 16:46:43 2016 -0500

    added sorting to pokemon table

commit 20cd7ec8578253fd66071c4dc7f24eb3094904b4
Author: rfaulk <bobfaulk@live.com>
Date:   Thu Apr 7 16:46:31 2016 -0500

    added more images (some broken)

commit 0eb438cbe7768a692c841c73cbe764c993c09251
Merge: 8948644 5c67a3d
Author: schun <s.chun@utexas.edu>
Date:   Thu Apr 7 16:42:29 2016 -0500

    Merge branch 'react' of https://github.com/SThakkar14/cs373-idb into react

commit 89486447a23ad21dad1831dc9e19bec7033df042
Author: schun <s.chun@utexas.edu>
Date:   Thu Apr 7 16:42:18 2016 -0500

    Added image scraper

commit 5c67a3d7a4a9d5fff46a512c6f05207df58b500b
Author: Shubham Thakkar <shubhamt@utexas.edu>
Date:   Thu Apr 7 16:20:51 2016 -0500

    Minor changes to error stuff

commit 5d97386c0a10f8c63c3d3c75fc8156c4c689db63
Author: Shubham Thakkar <shubhamt@utexas.edu>
Date:   Thu Apr 7 06:21:43 2016 -0500

    Error checking and reconnection code added

commit d1cc46c42db917ded02015871d73e9b343c41924
Author: Shubham Thakkar <shubhamt@utexas.edu>
Date:   Wed Apr 6 23:47:41 2016 -0500

    Added pokemon tables to moves and types

commit fd059f8efe93f6933a04f36c49e176035c1bdfc6
Author: Andrew Dang-Tran <andrewdt1506@gmail.com>
Date:   Wed Apr 6 22:36:47 2016 -0500

    Made the type page show the correct images

commit f243ec2f00e18994e1020e441869107115e39c43
Merge: 3007f4a 87332df
Author: Andrew Dang-Tran <andrewdt1506@gmail.com>
Date:   Wed Apr 6 22:27:34 2016 -0500

    Merge branch 'react' of https://github.com/SThakkar14/cs373-idb into react

commit 3007f4aa783de9bd6c29501389772aa707b6c84e
Author: Andrew Dang-Tran <andrewdt1506@gmail.com>
Date:   Wed Apr 6 22:27:27 2016 -0500

    Started reactifying the move-table but then realized we need to sort our table differently

commit 87332df89a829ee79b49c2b004450933e4efab81
Author: Shubham Thakkar <shubhamt@utexas.edu>
Date:   Wed Apr 6 20:03:25 2016 -0500

    Individual move pages work. Shows text type logos now

commit 4d8c48a929e7a1a9e8fe7428708c3794b049e743
Author: Shubham Thakkar <shubhamt@utexas.edu>
Date:   Wed Apr 6 19:45:56 2016 -0500

    Individual type pages work

commit 1077683fc5040f617f5903508f7707d4b8da7737
Author: Shubham Thakkar <shubhamt@utexas.edu>
Date:   Wed Apr 6 18:43:43 2016 -0500

    Minor bug fix to pokemon html

commit a22db98be4ee2c6e29fe59e27bf9d870b9f402ad
Author: vohl <acvohl@gmail.com>
Date:   Wed Apr 6 18:22:21 2016 -0500

    api min bug fixed

commit 0e3bcf28597573ab2012e6bb49237bda7bd07116
Merge: 1aed596 316bf42
Author: vohl <acvohl@gmail.com>
Date:   Wed Apr 6 18:19:28 2016 -0500

    Merge branch 'react' of https://github.com/SThakkar14/cs373-idb into react

commit 1aed596a72e61cacaacf8de5a9cfe082be854a9c
Author: vohl <acvohl@gmail.com>
Date:   Wed Apr 6 18:18:45 2016 -0500

    Andrew Chun update - minapi

commit 3900f8e57d6e250c2560660944216eb3c8e085e8
Merge: ae6d4b4 316bf42
Author: Andrew Dang-Tran <andrewdt1506@gmail.com>
Date:   Wed Apr 6 18:16:56 2016 -0500

    Merge branch 'react' of https://github.com/SThakkar14/cs373-idb into react

commit ae6d4b4ed13c13f2d8f513f49c3a654ff6ce89a0
Author: Andrew Dang-Tran <andrewdt1506@gmail.com>
Date:   Wed Apr 6 18:16:52 2016 -0500

    Fixed the bad sorting for secondary type. Has random ... showing though

commit 316bf42ddc3b951c098b125494555f40033e3ec8
Author: Shubham Thakkar <shubhamt@utexas.edu>
Date:   Wed Apr 6 18:16:06 2016 -0500

    Minor change to fix pokemon

commit 07da55012a13820d920edb41ff555f80fd228e95
Author: Shubham Thakkar <shubhamt@utexas.edu>
Date:   Wed Apr 6 18:13:53 2016 -0500

    Pokemon page is up

commit dc6548c3747831f9c38beed90b11384c000d5fec
Merge: b5c75f4 a6d33dc
Author: Andrew Dang-Tran <andrewdt1506@gmail.com>
Date:   Wed Apr 6 18:00:43 2016 -0500

    Merge branch 'react' of https://github.com/SThakkar14/cs373-idb into react

commit b5c75f43d1952a800a315cab2e48ce715e72bbcc
Author: Andrew Dang-Tran <andrewdt1506@gmail.com>
Date:   Wed Apr 6 18:00:06 2016 -0500

    Changed type file names and make them show up in pokemon table

commit a6d33dc3d836c1bcbadb3ae3cf9fe1a52f1c807d
Merge: f1ea08a 8604b6f
Author: rfaulk <bobfaulk@live.com>
Date:   Wed Apr 6 17:33:22 2016 -0500

    Merge branch 'react' of github.com:SThakkar14/cs373-idb into react

commit f1ea08a017249bfe2a5ad488d4623f541e138bc8
Author: rfaulk <bobfaulk@live.com>
Date:   Wed Apr 6 17:32:32 2016 -0500

    added capitalization to api

commit 8604b6f5e23124cdefc4f4ffae8f35efca743a27
Author: Andrew Dang-Tran <andrewdt1506@gmail.com>
Date:   Wed Apr 6 16:48:48 2016 -0500

    Fixed sorting pokemon IDs but the table sort button still inconsistent

commit 45e5ebc0e197b6b20426c67d4b6b0510669528b1
Merge: 28a03ed 1835b06
Author: rfaulk <bobfaulk@live.com>
Date:   Wed Apr 6 16:22:14 2016 -0500

    Merge branch 'swecuneapi' into react

commit 28a03ed205ebc64ad1ce9b00d2f5bfcab1c5f3dc
Author: rfaulk <bobfaulk@live.com>
Date:   Wed Apr 6 16:21:10 2016 -0500

    added key and capitalization to pokemon list

commit 8ca732ce735015da244d6248bda1d1107b5fdc35
Author: rfaulk <bobfaulk@live.com>
Date:   Wed Apr 6 16:20:59 2016 -0500

    added images

commit 1835b06e883d91f3de4a7a4d29e32ddc7f5f7d59
Author: schun <s.chun@utexas.edu>
Date:   Wed Apr 6 15:17:34 2016 -0500

    Added assets

commit 74c82672ad4ea63b27627d692e31c4b6614b265b
Author: rfaulk <bobfaulk@live.com>
Date:   Wed Apr 6 13:53:41 2016 -0500

    changed pokemon list to use pagination

commit 518bc84a713b7c5aac51fc753280791119669d46
Merge: 4a37720 bc24bfb
Author: rfaulk <bobfaulk@live.com>
Date:   Wed Apr 6 13:04:07 2016 -0500

    Merge branch 'swecuneapi' into react

commit bc24bfb712b2ddaf7f9d0bfd234e6b70c70539b2
Author: schun <s.chun@utexas.edu>
Date:   Tue Apr 5 17:08:21 2016 -0500

    Added pagination for moves

commit 81c612f5ec4a0177bcfae2471b263d6243bd9e15
Author: schun <s.chun@utexas.edu>
Date:   Tue Apr 5 17:06:28 2016 -0500

    Addd pagination for pokemon

commit 4a37720dc959e8798ffb4042474562f6f0c5ad42
Merge: 5d7e4df 71cec42
Author: rfaulk <bobfaulk@live.com>
Date:   Tue Apr 5 16:42:35 2016 -0500

    Merge branch 'swecuneapi' into react

commit 71cec429ce5cae17052bd908b1025f0ff9887048
Author: schun <s.chun@utexas.edu>
Date:   Tue Apr 5 02:49:40 2016 -0500

    Added moves list to types api json

commit beb9109993fbdc91c2ff8377e07823168e31cb49
Author: schun <s.chun@utexas.edu>
Date:   Tue Apr 5 02:24:17 2016 -0500

    Implemented API

commit c98c48675787fa09138519c1fbbdddf178178bf5
Author: Shubham Thakkar <shubhamt@utexas.edu>
Date:   Mon Apr 4 19:51:05 2016 -0500

    More examples on how to use db

commit 504dd11bf63b9c15b00dafa50a9fb587e1e29d91
Author: Shubham Thakkar <shubhamt@utexas.edu>
Date:   Mon Apr 4 19:27:35 2016 -0500

    Server reflects how to use db

commit 5d7e4dfed3e2ccfb9f55a460606031118e73b9e4
Author: rfaulk <bobfaulk@live.com>
Date:   Mon Apr 4 17:15:36 2016 -0500

    added pagination to pokemon table

commit 90fe642534cd9bfaad4df1f2f4edfb814a507e3c
Author: rfaulk <bobfaulk@live.com>
Date:   Mon Apr 4 16:23:56 2016 -0500

    removed useless data property

commit cc3d7360be99f7327abe1bf67504f2e555bef301
Author: Shubham Thakkar <shubhamt@utexas.edu>
Date:   Mon Apr 4 03:46:57 2016 -0500

    Added working scraper and correct models

commit 4ddd52bfe25a3a790aff32ad15307330baaaaa65
Author: rfaulk <bobfaulk@live.com>
Date:   Sat Apr 2 18:52:08 2016 -0500

    changed pokemon table to use react

commit 6168f60cae253335b78d1693c414aaa252d93940
Author: rfaulk <bobfaulk@live.com>
Date:   Sat Apr 2 18:24:55 2016 -0500

    added react files

commit f7e53e7c81a2f50db2952c3e893410af5ca5b315
Author: vohl <acvohl@gmail.com>
Date:   Thu Mar 31 19:16:40 2016 -0500

    Database created and new models.py to accomodate for

commit d7fa4c1cee707b83cefd2e83fc85cbfd5a830861
Author: Shubham Thakkar <shubhamt@utexas.edu>
Date:   Tue Mar 29 17:01:53 2016 -0500

    Added better scrapers and models to use for server and scraper

commit 4ea151fc457fa63b7e9b1102b35b56e2e4b3f6b2
Author: Shubham Thakkar <shubhamt@utexas.edu>
Date:   Thu Mar 24 20:10:01 2016 -0500

    Final commit

commit 507b537e372b62036f667dcfe409353006ca8ef3
Merge: 71719a9 fac806d
Author: Shubham Thakkar <shubhamt@utexas.edu>
Date:   Thu Mar 24 20:04:49 2016 -0500

    Merge branch 'master' of https://github.com/SThakkar14/cs373-idb

commit 71719a957e8f7ca9164af192f0766a3d19b648aa
Author: Shubham Thakkar <shubhamt@utexas.edu>
Date:   Thu Mar 24 20:00:15 2016 -0500

    Final stats about people added

commit 705d41bfd15bd00bdc230f9a47b775fc895e6ae3
Author: Andrew Dang-Tran <andrewdt1506@gmail.com>
Date:   Thu Mar 24 19:54:20 2016 -0500

    re-ordered the bios

commit 087b5305017c71edda7833a18f59b418ec671072
Merge: de395d6 60e09af
Author: Andrew Dang-Tran <andrewdt1506@gmail.com>
Date:   Thu Mar 24 19:49:03 2016 -0500

    Merge branch 'dev' of https://github.com/SThakkar14/cs373-idb into dev

commit de395d601d701ac19f4d4cad0c552fb40fd6540d
Merge: 7d311e8 c3ed4dd
Author: Andrew Dang-Tran <andrewdt1506@gmail.com>
Date:   Thu Mar 24 19:48:03 2016 -0500

    Merge branch 'dev' of https://github.com/SThakkar14/cs373-idb into dev

commit 7d311e8f29e2d3c8b51cbbd106274cba2ac06d5f
Author: Andrew Dang-Tran <andrewdt1506@gmail.com>
Date:   Thu Mar 24 19:47:56 2016 -0500

    Added Robert's bio

commit 60e09af979ee4a171149d44c295da9470f2194ba
Merge: 0e237bb c3ed4dd
Author: rfaulk <bobfaulk@live.com>
Date:   Thu Mar 24 19:41:48 2016 -0500

    Merge branch 'dev' of github.com:SThakkar14/cs373-idb into dev

commit 0e237bb2df28173452aaf50e513ece89280923c2
Author: rfaulk <bobfaulk@live.com>
Date:   Thu Mar 24 19:41:44 2016 -0500

    added vole's bio

commit c3ed4dd2d3186fe2a414ad19c2de80eb4de20b8b
Merge: c290903 2d166ec
Author: Shubham Thakkar <shubhamt@utexas.edu>
Date:   Thu Mar 24 19:41:35 2016 -0500

    Merge branch 'dev' of https://github.com/SThakkar14/cs373-idb into dev

commit c2909031cadf957edc93a4c9964ae2f658c56955
Author: Shubham Thakkar <shubhamt@utexas.edu>
Date:   Thu Mar 24 19:41:17 2016 -0500

    minor fix

commit 2d166ecccfe49eae92f35d72c8943311385877bc
Author: schun <s.chun@utexas.edu>
Date:   Thu Mar 24 19:40:18 2016 -0500

    Updated dank master's dankness

commit 21bcfe6ada591348ba020160ee56cbc2a6c398d5
Merge: d3cea0b a61e9da
Author: rfaulk <bobfaulk@live.com>
Date:   Thu Mar 24 19:34:59 2016 -0500

    Merge branch 'dev' of github.com:SThakkar14/cs373-idb into dev

commit d3cea0bf015540a33c555fc48d306a0faf090d22
Author: rfaulk <bobfaulk@live.com>
Date:   Thu Mar 24 19:34:53 2016 -0500

    added dank-tran's bio

commit 60002297716de33ded1e9b6ca9e68fdf9591b863
Author: Andrew Dang-Tran <andrewdt1506@gmail.com>
Date:   Thu Mar 24 19:31:24 2016 -0500

    added total stats, and swecune in about title

commit a61e9dafbf158a45e20fd79cb42826f8d3d4970b
Merge: 3407d05 6bcd9d3
Author: Shubham Thakkar <shubhamt@utexas.edu>
Date:   Thu Mar 24 19:30:40 2016 -0500

    Merge branch 'dev' of https://github.com/SThakkar14/cs373-idb into dev

commit 3407d052a0cdf4f0e069c8f38d03accc39c16701
Author: Shubham Thakkar <shubhamt@utexas.edu>
Date:   Thu Mar 24 19:30:27 2016 -0500

    Added bio

commit 6bcd9d3733782771c207218c32cefa8a189884de
Merge: ae36b13 9f06aef
Author: schun <s.chun@utexas.edu>
Date:   Thu Mar 24 19:30:10 2016 -0500

    Merge branch 'dev' of https://github.com/SThakkar14/cs373-idb into dev

commit ae36b1332e7d332bc62e3aee7cd7a9548aad8fc5
Author: schun <s.chun@utexas.edu>
Date:   Thu Mar 24 19:29:58 2016 -0500

    Added Andrew Chun's bio

commit fac806d30751bdc364438f65c383f04bcbea6ce0
Author: Shubham Thakkar <shubhamt@utexas.edu>
Date:   Thu Mar 24 19:19:04 2016 -0500

    Transferring API Description file from Apiary.io

commit 9f06aefb9462027dee1ce33aa9bdfc45ddcf6ec6
Author: rfaulk <bobfaulk@live.com>
Date:   Thu Mar 24 18:56:52 2016 -0500

    replaced resistances with weaknesses

commit d55454b077d1972e9be0357812ae24815cb21c1c
Merge: 0e139c0 2b07a34
Author: rfaulk <bobfaulk@live.com>
Date:   Thu Mar 24 18:22:16 2016 -0500

    Merge branch 'dev'

commit 2b07a34258436fdabb5cb32bf2eb9e006ed765d9
Merge: 8eb7335 5c76d9a
Author: Andrew Dang-Tran <andrewdt1506@gmail.com>
Date:   Thu Mar 24 17:37:58 2016 -0500

    Merge branch 'dev' of https://github.com/SThakkar14/cs373-idb into dev

commit 8eb7335ac00f581dc93b254339470cf595381c8c
Author: Andrew Dang-Tran <andrewdt1506@gmail.com>
Date:   Thu Mar 24 17:37:31 2016 -0500

    added links and changed the roles on the about page. close #9, close #13.

commit 0e139c00d4d6ea0d60b495eba829b7d1c9bcb661
Author: Shubham Thakkar <shubhamt@utexas.edu>
Date:   Thu Mar 24 17:35:34 2016 -0500

    Transferring API Description file from Apiary.io

commit c9f1c76541d380ff654e7b02fad6ebfe4d83ad8d
Author: Shubham Thakkar <shubhamt@utexas.edu>
Date:   Thu Mar 24 17:29:00 2016 -0500

    Transferring API Description file from Apiary.io

commit 02c2f90eb83c9136c79b255502ac250398d14975
Author: Shubham Thakkar <shubhamt@utexas.edu>
Date:   Thu Mar 24 17:09:52 2016 -0500

    Transferring API Description file from Apiary.io

commit 5c76d9aba471500598f553992e5e7b26b3e0dd48
Author: rfaulk <bobfaulk@live.com>
Date:   Thu Mar 24 17:05:04 2016 -0500

    replaced damage attributes caption

commit 4458370eb67ef6fa049c41cd92b69d189b8b6c75
Author: Shubham Thakkar <shubhamt@utexas.edu>
Date:   Thu Mar 24 17:03:19 2016 -0500

    Transferring API Description file from Apiary.io

commit 5b67438004eb250a1b3634fd8d68ca525ac79e11
Author: rfaulk <bobfaulk@live.com>
Date:   Thu Mar 24 16:56:32 2016 -0500

    fixed table width on mobile for model pages

commit 2720efba26fe4e171b72671fbc62f2472ae5abdd
Author: rfaulk <bobfaulk@live.com>
Date:   Thu Mar 24 16:49:31 2016 -0500

    fixed table scrolling on list pages

commit d9950e2ab78f0dce48f4db90c0f0747b1a432f4c
Merge: 4510ea3 e4203f7
Author: Andrew Dang-Tran <andrewdt1506@gmail.com>
Date:   Thu Mar 24 15:50:16 2016 -0500

    Merge branch 'dev' of https://github.com/SThakkar14/cs373-idb into dev

commit 4510ea3c9d56fa48c397deffef66d79debf7e673
Author: Andrew Dang-Tran <andrewdt1506@gmail.com>
Date:   Thu Mar 24 15:50:09 2016 -0500

    Added some links to the about page and styled it even more. Also added images for human profile pics. close #15, close #12.

commit e4203f72a5828b6541b1890ae7b0d197406667e8
Merge: bf09e95 204936d
Author: schun <s.chun@utexas.edu>
Date:   Thu Mar 24 14:58:13 2016 -0500

    Merge branch 'dev' of https://github.com/SThakkar14/cs373-idb into dev

commit bf09e955b0f001af39175100474003f92787068b
Author: schun <s.chun@utexas.edu>
Date:   Thu Mar 24 14:58:07 2016 -0500

    Added documentation file

commit e0b269853ccb65ff06367d062f4fac6963ae4165
Author: schun <s.chun@utexas.edu>
Date:   Thu Mar 24 14:57:52 2016 -0500

    Added __init__ files

commit 934bf5d543c46bc01183226ff21e740f7c71149c
Author: schun <s.chun@utexas.edu>
Date:   Thu Mar 24 14:57:29 2016 -0500

    removed unused imports

commit b408627d20ad753d5edad82402f907995f304488
Author: schun <s.chun@utexas.edu>
Date:   Thu Mar 24 14:57:07 2016 -0500

    fixed pathing issues when openning files

commit 4831b1dc7e82d45388a428c0d5203fc7efbc456f
Author: schun <s.chun@utexas.edu>
Date:   Thu Mar 24 14:56:50 2016 -0500

    updated models constructors to take in additional parameters

commit 12f2f59b20e663e9b48d0425aeafa238986b0462
Author: schun <s.chun@utexas.edu>
Date:   Thu Mar 24 14:56:28 2016 -0500

    Updated make file to not use Models.py and use models.py instead

commit 204936de926023d384d7e3b52934ea39a454ac96
Merge: fdb73ca 893fb59
Author: Andrew Dang-Tran <andrewdt1506@gmail.com>
Date:   Thu Mar 24 13:25:26 2016 -0500

    Merge branch 'dev' of https://github.com/SThakkar14/cs373-idb into dev

commit fdb73ca2898a904c531d858063be10f92227bdff
Author: Andrew Dang-Tran <andrewdt1506@gmail.com>
Date:   Thu Mar 24 13:24:59 2016 -0500

    Almost finished the about page, just need to get the link, write descriptions, and change pictures

commit 893fb593f5b6c121de02f402bfaabb9271ee4164
Author: schun <s.chun@utexas.edu>
Date:   Thu Mar 24 13:23:08 2016 -0500

    Added tests and modified models.py

commit 6ba22cd2d553768fafca4443e58bec4ac812d21b
Author: Andrew Dang-Tran <andrewdt1506@gmail.com>
Date:   Thu Mar 24 10:42:39 2016 -0500

    Styled the about page a little bit and made the type images in the type_all page dynamic.

commit db7f43140284f19808ba693efa99c3ef3b68fd8c
Author: Shubham Thakkar <shubhamt@utexas.edu>
Date:   Thu Mar 24 06:57:58 2016 -0500

    Rename Models.py to models.py

commit d13ded991cd6acdc7e01d9b26cd426fde754544b
Author: Shubham Thakkar <shubhamt@utexas.edu>
Date:   Thu Mar 24 06:55:31 2016 -0500

    Added sql-alchemy models

commit 6b50d5f87f5bc64e745f21fb67c2e3fe4ec17b33
Author: Shubham Thakkar <shubhamt@utexas.edu>
Date:   Thu Mar 24 05:17:56 2016 -0500

    Created UML diagram

commit 61fef91f46e052f33e3fdfd928491f92f45eefc7
Author: Shubham Thakkar <shubhamt@utexas.edu>
Date:   Thu Mar 24 03:03:04 2016 -0500

    Deleted unnecessary files

commit 2748ff08ec4c5936cc6c816a71e605cd53f1f00a
Merge: 8cb5b4e b05e98c
Author: Shubham Thakkar <shubhamt@utexas.edu>
Date:   Thu Mar 24 02:38:13 2016 -0500

    Merge branch 'dev'

commit 8cb5b4e783a9d446be43d366958f8ccd45593e2b
Author: Shubham Thakkar <shubhamt@utexas.edu>
Date:   Thu Mar 24 02:33:35 2016 -0500

    Transferring API Description file from Apiary.io

commit b05e98c0ee5ba925ad935506b066339aa5668b09
Merge: 867e36a 69f9a58
Author: Andrew Dang-Tran <andrewdt1506@gmail.com>
Date:   Wed Mar 23 20:13:09 2016 -0500

    Merge branch 'dev' of https://github.com/SThakkar14/cs373-idb into dev

commit 867e36a0e7871cfe4bb295a50593b15176e9dbd0
Author: Andrew Dang-Tran <andrewdt1506@gmail.com>
Date:   Wed Mar 23 20:13:05 2016 -0500

    started on the about.html and about.css

commit 69f9a583f86cb9edd7ea5e4b3c7a96f801cc0509
Author: rfaulk <bobfaulk@live.com>
Date:   Wed Mar 23 20:08:11 2016 -0500

    reduced 404 page padding

commit 9e3794f1993dd763c60515e52d91f03f3dfc8dd8
Author: rfaulk <bobfaulk@live.com>
Date:   Wed Mar 23 20:06:15 2016 -0500

    added padding to list pages. closes #8

commit 2d5a969cb62cd1cd7ea3f224faa164a57e7af1da
Author: rfaulk <bobfaulk@live.com>
Date:   Wed Mar 23 19:50:36 2016 -0500

    fixed type image alignment. closes #7

commit 396d12e0d7a81057e7953eb496a0f77fb4608b60
Merge: 26c6621 75560ef
Author: Andrew Dang-Tran <andrewdt1506@gmail.com>
Date:   Wed Mar 23 19:07:57 2016 -0500

    Merge branch 'dev' of https://github.com/SThakkar14/cs373-idb into dev

commit 26c6621b9641dc4c6435b74a0ee2f05ecdbc9393
Author: Andrew Dang-Tran <andrewdt1506@gmail.com>
Date:   Wed Mar 23 19:07:32 2016 -0500

    started about.html

commit ba3e5fa916d1f6da9d04bc4bac40462a20e5ffdc
Author: Shubham Thakkar <shubhamt@utexas.edu>
Date:   Wed Mar 23 18:48:38 2016 -0500

    Transferring API Description file from Apiary.io

commit 75560ef66ee190f1ea0a8877ba238d1f13abf58c
Author: rfaulk <bobfaulk@live.com>
Date:   Wed Mar 23 18:39:52 2016 -0500

    removed splash background from other pages. closes #6

commit 035d323b9b401b833fec2b5c659358c119008eec
Merge: 16b3a2f 3c7f1fc
Author: Shubham Thakkar <shubhamt@utexas.edu>
Date:   Wed Mar 23 18:34:03 2016 -0500

    Merge branch 'dev' of https://github.com/SThakkar14/cs373-idb into dev

commit 16b3a2f97293da1ccdb8011d8e7ee9c66f8371ed
Author: Shubham Thakkar <shubhamt@utexas.edu>
Date:   Wed Mar 23 18:33:32 2016 -0500

    Minor splash page improvements

commit 3c7f1fc85a5f65dad20d1c37ab8c3883788d15e1
Author: vohl <acvohl@gmail.com>
Date:   Wed Mar 23 18:22:45 2016 -0500

    font change and furthered 404 coverage

commit 20237a5d8c8e2408e1b567124db6018c2d5d4d77
Merge: 9a8ad25 f61ebdd
Author: vohl <acvohl@gmail.com>
Date:   Wed Mar 23 18:06:20 2016 -0500

    Merge branch 'dev' of https://github.com/SThakkar14/cs373-idb into dev

commit f61ebdd99d2646a82dc7e59a96804a3399f8f9b5
Merge: 1ced367 b88b60a
Author: schun <s.chun@utexas.edu>
Date:   Wed Mar 23 18:06:08 2016 -0500

    Merge branch 'dev' of https://github.com/SThakkar14/cs373-idb into dev

commit 1ced36779c82c0c4b8adae5ccd874413ab43783e
Author: schun <s.chun@utexas.edu>
Date:   Wed Mar 23 18:05:27 2016 -0500

    Fixed PP in models for moves

commit 9a8ad25863ba25e64d611f773aee853513751e8f
Author: vohl <acvohl@gmail.com>
Date:   Wed Mar 23 18:05:21 2016 -0500

    404 page done

commit b88b60a08c241daf1df19fcfa38a3256a730147c
Merge: 6ac61b9 24e41cd
Author: Andrew Dang-Tran <andrewdt1506@gmail.com>
Date:   Wed Mar 23 18:00:08 2016 -0500

    Merge branch 'dev' of https://github.com/SThakkar14/cs373-idb into dev

commit 6ac61b97f411fd68b431020eb466060ff2cc7b36
Author: Andrew Dang-Tran <andrewdt1506@gmail.com>
Date:   Wed Mar 23 18:00:02 2016 -0500

    Changed type details page to have different type images

commit 24e41cdec065c6dbc527a502b30361d621c88392
Merge: 5d52a9c 5dda426
Author: rfaulk <bobfaulk@live.com>
Date:   Wed Mar 23 17:57:31 2016 -0500

    Merge branch 'dev' of github.com:SThakkar14/cs373-idb into dev

commit 5d52a9c88fc623d7e2f69a62f02be2e7039a4273
Author: rfaulk <bobfaulk@live.com>
Date:   Wed Mar 23 17:57:24 2016 -0500

    fixed types margin. closes #5

commit 5dda4264e4a6c2b3946caa91d5960573fcb2697d
Author: schun <s.chun@utexas.edu>
Date:   Wed Mar 23 17:52:04 2016 -0500

    Added more type images

commit 610f1bcff90cbb50298ea2c8aa51933b57a6d8a0
Merge: 0086c84 e8a8804
Author: Shubham Thakkar <shubhamt@utexas.edu>
Date:   Wed Mar 23 17:45:37 2016 -0500

    Fixed formatting

commit 0086c8446e4437cd9a06dd75b4d16274b3345efe
Author: Shubham Thakkar <shubhamt@utexas.edu>
Date:   Wed Mar 23 17:42:41 2016 -0500

    Fixed formatting

commit e8a8804391c98d9d66c6df0fb3340def5e8d479a
Merge: 24779b1 df1ec8c
Author: rfaulk <bobfaulk@live.com>
Date:   Wed Mar 23 17:25:10 2016 -0500

    Merge branch 'dev' of github.com:SThakkar14/cs373-idb into dev

commit 24779b1b2d03311ef06dfab13037f98ce26dc7a6
Author: rfaulk <bobfaulk@live.com>
Date:   Wed Mar 23 17:24:35 2016 -0500

    fixed upper panel centering in pokemon

commit df1ec8cdf6e63c07482fca1ef6d07b454a99560d
Author: Shubham Thakkar <shubhamt@utexas.edu>
Date:   Wed Mar 23 17:08:21 2016 -0500

    Fixed type pages

commit 6f392915df2c2c92d382f884b56b9fa919e3e9c5
Author: schun <s.chun@utexas.edu>
Date:   Wed Mar 23 17:05:16 2016 -0500

    Added link to pokemon via text

commit 3f45710bf51d8475451f9ed44d2e1ff9979ae62d
Merge: 98e618a 854bacc
Author: rfaulk <bobfaulk@live.com>
Date:   Wed Mar 23 16:58:56 2016 -0500

    Merge branch 'dev' of github.com:SThakkar14/cs373-idb into dev

commit 98e618ad8ba021fe6f587a4555731a468ff357e9
Author: rfaulk <bobfaulk@live.com>
Date:   Wed Mar 23 16:57:55 2016 -0500

    fixed widths for type images on pokemon

commit 854baccc429049b73511d36f56ae96356a02139e
Author: schun <s.chun@utexas.edu>
Date:   Wed Mar 23 16:57:30 2016 -0500

    Added more linking to types from moves

commit 0d484decbe8897219ae4c21b846e3eafa434fb63
Author: schun <s.chun@utexas.edu>
Date:   Wed Mar 23 16:44:12 2016 -0500

    linked more types in moves page

commit f561147399f20f2ce40fc8497b886ac21f1c1789
Merge: b2a67a7 7abc88a
Author: schun <s.chun@utexas.edu>
Date:   Wed Mar 23 16:42:22 2016 -0500

    Merge branch 'dev' of https://github.com/SThakkar14/cs373-idb into dev

commit b2a67a73dbb68215faa9246126f8bd939b9bd035
Merge: abf3a77 f4da2fe
Author: schun <s.chun@utexas.edu>
Date:   Wed Mar 23 16:42:15 2016 -0500

    Added linking to types on moves page

commit 7abc88a2ad862346bf6301ffeddd00724755e20d
Author: Shubham Thakkar <shubhamt@utexas.edu>
Date:   Wed Mar 23 16:40:39 2016 -0500

    Fixed type page

commit abf3a772d8f1b7aa53e42a091ada4cf5d3f77fde
Author: schun <s.chun@utexas.edu>
Date:   Wed Mar 23 16:35:07 2016 -0500

    Finished moves page

commit f4da2fe6b0fac2acea059023c04d119d162b2ee2
Author: rfaulk <bobfaulk@live.com>
Date:   Wed Mar 23 16:32:43 2016 -0500

    added more model links to pokemon page

commit ef0de19637d12dbacbc95951d4ded7abf45d8ba9
Author: rfaulk <bobfaulk@live.com>
Date:   Wed Mar 23 16:06:58 2016 -0500

    fixed pokemon type order. closes #4

commit e89d37dd97d865faa8bda7858ce8d4d30bdd050f
Author: rfaulk <bobfaulk@live.com>
Date:   Wed Mar 23 15:57:20 2016 -0500

    added type links to pokemon page

commit 6226dc13a876253aac0358449108c8e513882099
Author: rfaulk <bobfaulk@live.com>
Date:   Wed Mar 23 15:44:36 2016 -0500

    added favicon

commit 7b005d0d7182d4490344dda7bd40a1e851b5d3c2
Author: Shubham Thakkar <shubhamt@utexas.edu>
Date:   Wed Mar 23 15:39:10 2016 -0500

    Fixed linking and formatted code

commit 39316f3142d5b4e9fa38688ed58d1a7622feeb29
Author: Shubham Thakkar <shubhamt@utexas.edu>
Date:   Wed Mar 23 15:34:59 2016 -0500

    Added moves index page

commit ce1c8a7ab18272b4424fb82bcd1d16b32eeeabef
Author: rfaulk <bobfaulk@live.com>
Date:   Wed Mar 23 15:27:39 2016 -0500

    added type index page

commit a9712e5cb5193792f4fbfc2dded4d318e867fd08
Author: rfaulk <bobfaulk@live.com>
Date:   Wed Mar 23 15:27:26 2016 -0500

    added venv directory to gitignore

commit 1983cad6d526208586e197544e8b874155d99b23
Author: Shubham Thakkar <shubhamt@utexas.edu>
Date:   Wed Mar 23 15:07:04 2016 -0500

    Added Pokemon index page

commit 9e064b709e4d748ad081bc5093c9ab4ea7caaf06
Author: rfaulk <bobfaulk@live.com>
Date:   Wed Mar 23 15:04:31 2016 -0500

    removed google maps error from grayscale

commit 4a20edfcabdef3648b66c2fb74777e6b0b4b83f0
Author: Shubham Thakkar <shubhamt@utexas.edu>
Date:   Wed Mar 23 13:20:40 2016 -0500

    Added slack Travis CI integration

commit f762dd1222e2f8d3ad46191f62f143ddf19e0c36
Author: Shubham Thakkar <shubhamt@utexas.edu>
Date:   Wed Mar 23 13:12:27 2016 -0500

    Minor fix to pokemon HTML

commit 8aa6137c0a28967e4ac1c99a664d45965230305c
Author: Shubham Thakkar <shubhamt@utexas.edu>
Date:   Tue Mar 22 22:38:21 2016 -0500

    Changed swecune navagation and splash page color

commit 0493650fe1d1444f27fcb74a10a069d0f53122d0
Author: rfaulk <bobfaulk@live.com>
Date:   Tue Mar 22 20:58:04 2016 -0500

    added moves list to pokemon

commit b125658c7d7f88c5a4113e239de6e91ac57825a7
Merge: 46a5270 cf4c7ab
Author: Andrew Dang-Tran <andrewdt1506@gmail.com>
Date:   Tue Mar 22 20:31:51 2016 -0500

    Merge branch 'dev' of https://github.com/SThakkar14/cs373-idb into dev

commit 46a5270b45281408ba57d6f7a7f610befc37c5f0
Author: Andrew Dang-Tran <andrewdt1506@gmail.com>
Date:   Tue Mar 22 20:31:40 2016 -0500

    created the move list in type.html

commit cf4c7ab88b080895d3d65620738b9b0d983c2865
Merge: 6e76963 8a4f1b7
Author: rfaulk <bobfaulk@live.com>
Date:   Tue Mar 22 19:58:43 2016 -0500

    Merge branch 'dev' of github.com:SThakkar14/cs373-idb into dev

commit 8a4f1b7b987ed7aa186999b69a4985988d151d2f
Merge: 17b4294 c625fc3
Author: schun <s.chun@utexas.edu>
Date:   Tue Mar 22 19:58:33 2016 -0500

    Merge branch 'dev' of https://github.com/SThakkar14/cs373-idb into dev

commit 17b42945761f88f225ba4662215b730bd7793863
Author: schun <s.chun@utexas.edu>
Date:   Tue Mar 22 19:57:46 2016 -0500

    Fixed some formatting for moves page

commit 0f6f8b3f924d53f5f30eb263c0bd86ad2aa86805
Author: schun <s.chun@utexas.edu>
Date:   Tue Mar 22 19:45:43 2016 -0500

    Replaced navbar coloring and background

commit 6e76963c3b2999f3547d8b494acc28628b728ef6
Merge: ddd6604 c625fc3
Author: rfaulk <bobfaulk@live.com>
Date:   Tue Mar 22 19:06:13 2016 -0500

    Merge branch 'dev' of github.com:SThakkar14/cs373-idb into dev

commit ddd6604d8572e02f5532ff9eec276ba970c7ddde
Merge: e13795b fd383e0
Author: rfaulk <bobfaulk@live.com>
Date:   Tue Mar 22 18:57:09 2016 -0500

    Merge branch 'dev' of github.com:SThakkar14/cs373-idb into dev

commit e13795bd5f36952996266f03e9007f86b6bee721
Author: rfaulk <bobfaulk@live.com>
Date:   Tue Mar 22 18:57:05 2016 -0500

    added moves table to pokemon

commit c625fc3242504cc14d821ee4e53af973e94e042a
Author: vohl <acvohl@gmail.com>
Date:   Tue Mar 22 18:42:03 2016 -0500

    Added travis and make files

commit 12c13ce539881754ab7b023b9218214826e4282d
Merge: 33d19c9 fd383e0
Author: Andrew Dang-Tran <andrewdt1506@gmail.com>
Date:   Tue Mar 22 18:15:13 2016 -0500

    Merge branch 'dev' of https://github.com/SThakkar14/cs373-idb into dev
    merging my changes on sever.py

commit 33d19c926fb5ee0450f561818c99ba514f20b91e
Author: Andrew Dang-Tran <andrewdt1506@gmail.com>
Date:   Tue Mar 22 18:15:08 2016 -0500

    Started on pokemon table and converting to images.

commit fd383e0383e34b15932578e72d78577445553769
Author: vohl <acvohl@gmail.com>
Date:   Tue Mar 22 18:01:03 2016 -0500

    Added dockerfiles

commit 26c1c13d4449a4a118638a371690e65efabd5a05
Author: schun <s.chun@utexas.edu>
Date:   Tue Mar 22 17:57:50 2016 -0500

    Finished organizing moves page

commit 107a53e8826ee341dc43789dced257f601801b1a
Merge: 30965cd c8af049
Author: schun <s.chun@utexas.edu>
Date:   Tue Mar 22 16:36:20 2016 -0500

    Merge branch 'dev' of https://github.com/SThakkar14/cs373-idb into dev

commit 30965cd5e4bc6e0acd0a156da71a25656eb7bce0
Author: schun <s.chun@utexas.edu>
Date:   Tue Mar 22 16:36:04 2016 -0500

    Worked on more moves html and css and model and images

commit c8af049cfbb42cadb1861ea4f6ac13d22352ef21
Author: rfaulk <bobfaulk@live.com>
Date:   Tue Mar 22 16:25:59 2016 -0500

    added aligned base stats to pokemon model

commit aa7f58a0417b8617848d4fda1d93a84e3f3a9bf9
Author: rfaulk <bobfaulk@live.com>
Date:   Tue Mar 22 16:25:11 2016 -0500

    added base stats to pokemon model

commit 2c730191def8c8cd967a1ad86ed9963036759db4
Merge: f697173 c0269d8
Author: schun <s.chun@utexas.edu>
Date:   Tue Mar 22 14:56:54 2016 -0500

    Merge branch 'dev' of https://github.com/SThakkar14/cs373-idb into dev

commit f697173d66d8b266a243e6eefb90ad2073ab221e
Author: schun <s.chun@utexas.edu>
Date:   Tue Mar 22 14:56:28 2016 -0500

    Updating moves files to be more organized

commit c0269d89ef440beb9fec1954d39b6b7ed134e72d
Author: rfaulk <bobfaulk@live.com>
Date:   Tue Mar 22 14:48:42 2016 -0500

    fixed move route indentation

commit 9dd7b693d9a2db013ecf2fe4479b7312098602c7
Merge: 31219ab 4df37ac
Author: rfaulk <bobfaulk@live.com>
Date:   Tue Mar 22 14:34:58 2016 -0500

    Merge branch 'dev' of github.com:SThakkar14/cs373-idb into dev

commit 31219abb703f51d98e42f834295f07a6a4578d24
Author: rfaulk <bobfaulk@live.com>
Date:   Tue Mar 22 14:34:54 2016 -0500

    fixed tab width

commit 4df37acca87463c3a52ac466b32f7f4260a22ee1
Author: schun <s.chun@utexas.edu>
Date:   Tue Mar 22 14:31:24 2016 -0500

    Updated .gitignore

commit e70b87e247385966e4a5ac220bbf121f17fca412
Merge: 82f9c6c 0d59114
Author: vohl <acvohl@gmail.com>
Date:   Tue Mar 22 13:56:08 2016 -0500

    Merge branch 'dev' of https://github.com/SThakkar14/cs373-idb into dev

commit 82f9c6c718d99c0107c5d91f4e75306f0df97c0a
Author: vohl <acvohl@gmail.com>
Date:   Tue Mar 22 13:54:48 2016 -0500

    added json and images

commit 0d59114b8e84232f732013799be9c624397aaa83
Author: Andrew Dang-Tran <andrewdt1506@gmail.com>
Date:   Tue Mar 22 13:48:03 2016 -0500

    gitignore swp files. added jsons for water, fire, and grass type, and got strength/resistance table to show type names

commit 8160af2dcd5465126089fe6dc6c479019d78d367
Author: Andrew Dang-Tran <andrewdt1506@gmail.com>
Date:   Tue Mar 22 01:38:28 2016 -0500

    strengths weakness immunity table with no elements

commit a38518dc7ff455a3f594afea9eabf518e14f0d17
Merge: d946e77 9966793
Author: Andrew Dang-Tran <andrewdt1506@gmail.com>
Date:   Tue Mar 22 01:35:01 2016 -0500

    merge server.py with my code

commit d946e777b23dbda07420a3862ec16774db1d4da0
Author: Andrew Dang-Tran <andrewdt1506@gmail.com>
Date:   Mon Mar 21 19:34:30 2016 -0500

    forgot to add server.py

commit 7a99464a3584664e9ba7a98835ee11cb198dd1ac
Author: Andrew Dang-Tran <andrewdt1506@gmail.com>
Date:   Mon Mar 21 19:33:35 2016 -0500

    added more changes to type.html and changed server.py to work for /type/1

commit 9966793b5427986bc0fb9b519e89975ac3f9cce1
Merge: 68dab1f 31218b2
Author: rfaulk <bobfaulk@live.com>
Date:   Mon Mar 21 19:32:51 2016 -0500

    Merge branch 'dev' of github.com:SThakkar14/cs373-idb into dev

commit 68dab1f2ad1b18110c5b12c75fad330aa970a5e5
Author: rfaulk <bobfaulk@live.com>
Date:   Mon Mar 21 19:32:21 2016 -0500

    added barebones pokemon header table

commit 31218b2b00c0f911c38b3d9fbdd94b14153d2978
Author: schun <s.chun@utexas.edu>
Date:   Mon Mar 21 19:28:49 2016 -0500

    Made progress in moves.html

commit f27f40dd0b3c223fc2cface4f59466f5c384aae9
Merge: 37b1ae6 f3271a0
Author: Andrew Dang-Tran <andrewdt1506@gmail.com>
Date:   Mon Mar 21 18:31:25 2016 -0500

    Merge branch 'dev' of https://github.com/SThakkar14/cs373-idb into dev
    
    merge my changes with andrew chun

commit f3271a0b79a042c2dad346892e2c2d6a0c703fe2
Author: schun <s.chun@utexas.edu>
Date:   Mon Mar 21 18:30:52 2016 -0500

    Started moves pages

commit 19023307fc2685454a1d38add269a4eabf25e7f7
Author: rfaulk <bobfaulk@live.com>
Date:   Mon Mar 21 18:02:36 2016 -0500

    fixed elements rendering over navbar. closes #3

commit 37b1ae6a64310f95c65a4a392e9be6a724a351c5
Merge: 25d4c39 78aa81e
Author: Andrew Dang-Tran <andrewdt1506@gmail.com>
Date:   Mon Mar 21 17:32:41 2016 -0500

    Merge branch 'dev' of https://github.com/SThakkar14/cs373-idb into dev
    
    merging robert's fixes for /moves/1

commit 25d4c3993a11c63c9689b33b364aacae4d1d2cc9
Author: Andrew Dang-Tran <andrewdt1506@gmail.com>
Date:   Mon Mar 21 17:31:27 2016 -0500

    started working on type.html template

commit 78aa81ed648837590cc5b22d67c311a08cf85ecc
Author: rfaulk <bobfaulk@live.com>
Date:   Mon Mar 21 17:31:02 2016 -0500

    added pokemon resources. closes #2

commit 5260abc76c3d5d9a7aa176df30a38343b1733024
Merge: 8b2a474 3eabf04
Author: rfaulk <bobfaulk@live.com>
Date:   Mon Mar 21 17:27:24 2016 -0500

    Merge branch 'dev' of github.com:SThakkar14/cs373-idb into dev
    
    Conflicts:
    	swecune/server.py

commit 8b2a474afc7f2eba514afa0dc78168a6a8d57acd
Author: rfaulk <bobfaulk@live.com>
Date:   Mon Mar 21 17:26:14 2016 -0500

    added preliminary loading for pokemon route

commit 3eabf041f71bda3540b2d6f000d30b0611e03a4b
Merge: dd70cdf 4cac285
Author: Shubham Thakkar <shubhamt@utexas.edu>
Date:   Mon Mar 21 17:23:22 2016 -0500

    Merge branch 'dev' of https://github.com/SThakkar14/cs373-idb into dev

commit dd70cdf3c70f462e892fc2fb9f49c1f1a2d901c1
Author: Shubham Thakkar <shubhamt@utexas.edu>
Date:   Mon Mar 21 17:22:49 2016 -0500

    Added table functionality

commit 4cac285bbf68a9aeffda376f4252a580aca4e3cf
Author: rfaulk <bobfaulk@live.com>
Date:   Mon Mar 21 17:16:29 2016 -0500

    Replaced relative asset urls with absolute. Closes #1

commit faf00177f3b81c0191632c125a132c356047bd5b
Author: Shubham Thakkar <shubhamt@utexas.edu>
Date:   Mon Mar 21 16:13:24 2016 -0500

    Updated to new theme and project structure

commit 0c6729c3638938a23c4e66d61c4b9e88889ce728
Merge: 82b278e aa00908
Author: Shubham Thakkar <shubhamt@utexas.edu>
Date:   Wed Mar 16 17:52:47 2016 -0500

    Merge branch 'dev'

commit 82b278eb2c2941fe5528a83e746e190cb3ae5050
Author: rfaulk <bobfaulk@live.com>
Date:   Wed Mar 16 17:48:00 2016 -0500

    added basic splash page

commit aa00908ef8b69b06771c4ee2cc5ffad79951851f
Author: Shubham Thakkar <sthakkar@cs.utexas.edu>
Date:   Tue Mar 15 08:33:16 2016 -0500

    Minor bugfixes to scrappers

commit 5286fbe2eb4fe455a7505a3ced1b83767f68e5cf
Author: Shubham Thakkar <shubhamt@utexas.edu>
Date:   Tue Mar 15 07:20:39 2016 -0500

    Modified scraper

commit 9930a9e252e6bcf9f58f86480de4f7b425c0939f
Author: Shubham Thakkar <shubhamt@utexas.edu>
Date:   Mon Mar 14 19:21:27 2016 -0500

    Minor refactorings and added gitignore

commit 07dd2879fa1c069f90113a96e89e7ae621f2fb73
Author: schun <s.chun@utexas.edu>
Date:   Mon Mar 14 17:25:42 2016 -0500

    added React-Bootstrap, base.html, and navbar.js

commit 4b041e91afe887beeb38f7f44c302c98eb2c6d65
Author: rfaulk <bobfaulk@live.com>
Date:   Sat Mar 12 01:38:55 2016 -0600

    added partial scraper

commit 1eed933fa6ec817baeab11b0a6acb105eda3d384
Author: Andrew Dang-Tran <andrewdt1506@gmail.com>
Date:   Fri Mar 11 18:17:18 2016 -0600

    refactor name from spriteID to sprite

commit fd3ffdf92c074c1771f90e4a8339d51abaefbdba
Author: Andrew Dang-Tran <andrewdt1506@gmail.com>
Date:   Fri Mar 11 18:10:21 2016 -0600

    Created Models.py which contains our 'Pillars' as data structures.
